[33mWARNING[0m:  [12-07-2024 03:02:36] chroma_server_nofile is set to 65535, but this is less than current soft limit of 1048576. chroma_server_nofile will not be set.
[32mINFO[0m:     [12-07-2024 03:02:36] Anonymized telemetry enabled. See                     https://docs.trychroma.com/telemetry for more information.
[36mDEBUG[0m:    [12-07-2024 03:02:36] Starting component System
[36mDEBUG[0m:    [12-07-2024 03:02:36] Starting component OpenTelemetryClient
[36mDEBUG[0m:    [12-07-2024 03:02:36] Starting component SqliteDB
[36mDEBUG[0m:    [12-07-2024 03:02:36] Starting component QuotaEnforcer
[36mDEBUG[0m:    [12-07-2024 03:02:36] Starting component Posthog
[36mDEBUG[0m:    [12-07-2024 03:02:36] Starting component LocalSegmentManager
[36mDEBUG[0m:    [12-07-2024 03:02:36] Starting component SegmentAPI
[32mINFO[0m:     [12-07-2024 03:02:36] Started server process [[36m706078[0m]
[32mINFO[0m:     [12-07-2024 03:02:36] Waiting for application startup.
[32mINFO[0m:     [12-07-2024 03:02:36] Application startup complete.
[32mINFO[0m:     [12-07-2024 03:02:36] Uvicorn running on [1mhttp://localhost:8000[0m (Press CTRL+C to quit)
[32mINFO[0m:     [12-07-2024 03:02:57] 127.0.0.1:60784 - "GET / HTTP/1.1" 404
[32mINFO[0m:     [12-07-2024 03:03:20] Shutting down
[32mINFO[0m:     [12-07-2024 03:03:20] Waiting for application shutdown.
[36mDEBUG[0m:    [12-07-2024 03:03:20] Stopping component System
[36mDEBUG[0m:    [12-07-2024 03:03:20] Stopping component SegmentAPI
[36mDEBUG[0m:    [12-07-2024 03:03:20] Stopping component LocalSegmentManager
[36mDEBUG[0m:    [12-07-2024 03:03:20] Stopping component Posthog
[36mDEBUG[0m:    [12-07-2024 03:03:20] Stopping component QuotaEnforcer
[36mDEBUG[0m:    [12-07-2024 03:03:20] Stopping component SqliteDB
[36mDEBUG[0m:    [12-07-2024 03:03:20] Stopping component OpenTelemetryClient
[32mINFO[0m:     [12-07-2024 03:03:20] Application shutdown complete.
[32mINFO[0m:     [12-07-2024 03:03:20] Finished server process [[36m706078[0m]
[33mWARNING[0m:  [12-07-2024 03:03:25] chroma_server_nofile is set to 65535, but this is less than current soft limit of 1048576. chroma_server_nofile will not be set.
[32mINFO[0m:     [12-07-2024 03:03:25] Anonymized telemetry enabled. See                     https://docs.trychroma.com/telemetry for more information.
[36mDEBUG[0m:    [12-07-2024 03:03:25] Starting component System
[36mDEBUG[0m:    [12-07-2024 03:03:25] Starting component OpenTelemetryClient
[36mDEBUG[0m:    [12-07-2024 03:03:25] Starting component SqliteDB
[36mDEBUG[0m:    [12-07-2024 03:03:25] Starting component QuotaEnforcer
[36mDEBUG[0m:    [12-07-2024 03:03:25] Starting component Posthog
[36mDEBUG[0m:    [12-07-2024 03:03:25] Starting component LocalSegmentManager
[36mDEBUG[0m:    [12-07-2024 03:03:25] Starting component SegmentAPI
[32mINFO[0m:     [12-07-2024 03:03:25] Started server process [[36m706357[0m]
[32mINFO[0m:     [12-07-2024 03:03:25] Waiting for application startup.
[32mINFO[0m:     [12-07-2024 03:03:25] Application startup complete.
[32mINFO[0m:     [12-07-2024 03:03:25] Uvicorn running on [1mhttp://localhost:8000[0m (Press CTRL+C to quit)
[32mINFO[0m:     [12-07-2024 03:04:56] 127.0.0.1:60576 - "GET / HTTP/1.1" 404
[32mINFO[0m:     [12-07-2024 03:05:00] 127.0.0.1:60576 - "GET / HTTP/1.1" 404
[32mINFO[0m:     [12-07-2024 03:05:00] 127.0.0.1:60576 - "GET / HTTP/1.1" 404
[32mINFO[0m:     [12-07-2024 03:05:18] 127.0.0.1:60576 - "GET /docs HTTP/1.1" 200
[32mINFO[0m:     [12-07-2024 03:05:18] 127.0.0.1:60576 - "GET /openapi.json HTTP/1.1" 200
[32mINFO[0m:     [12-07-2024 03:07:05] 127.0.0.1:56786 - "GET /api/v1/collections?limit=1&offset=1&tenant=default_tenant&database=default_database HTTP/1.1" 200
[32mINFO[0m:     [12-07-2024 03:09:07] 127.0.0.1:50274 - "GET /api/v1/collections?limit=1&offset=1&tenant=default_tenant&database=default_database HTTP/1.1" 200
[32mINFO[0m:     [12-07-2024 03:58:04] Shutting down
[32mINFO[0m:     [12-07-2024 03:58:05] Waiting for application shutdown.
[36mDEBUG[0m:    [12-07-2024 03:58:05] Stopping component System
[36mDEBUG[0m:    [12-07-2024 03:58:05] Stopping component SegmentAPI
[36mDEBUG[0m:    [12-07-2024 03:58:05] Stopping component LocalSegmentManager
[36mDEBUG[0m:    [12-07-2024 03:58:05] Stopping component Posthog
[36mDEBUG[0m:    [12-07-2024 03:58:05] Stopping component QuotaEnforcer
[36mDEBUG[0m:    [12-07-2024 03:58:05] Stopping component SqliteDB
[36mDEBUG[0m:    [12-07-2024 03:58:05] Stopping component OpenTelemetryClient
[32mINFO[0m:     [12-07-2024 03:58:05] Application shutdown complete.
[32mINFO[0m:     [12-07-2024 03:58:05] Finished server process [[36m706357[0m]
